<?xml version="1.0" encoding="UTF-8"?>
<testng-results skipped="0" failed="1" total="1" passed="0">
  <reporter-output>
  </reporter-output>
  <suite name="Default suite" duration-ms="50166" started-at="2014-10-13T06:40:21Z" finished-at="2014-10-13T06:41:11Z">
    <groups>
    </groups>
    <test name="Default test" duration-ms="50166" started-at="2014-10-13T06:40:21Z" finished-at="2014-10-13T06:41:11Z">
      <class name="com.projectName.test.functional.moduleName1.HomePageTest">
        <test-method status="PASS" signature="genericSetUp()[pri:0, instance:com.projectName.test.functional.moduleName1.HomePageTest@1480d96]" name="genericSetUp" is-config="true" duration-ms="13014" started-at="2014-10-13T12:10:21Z" finished-at="2014-10-13T12:10:34Z">
          <reporter-output>
          </reporter-output>
        </test-method> <!-- genericSetUp -->
        <test-method status="FAIL" signature="homePageTest()[pri:0, instance:com.projectName.test.functional.moduleName1.HomePageTest@1480d96]" name="homePageTest" duration-ms="36614" started-at="2014-10-13T12:10:34Z" finished-at="2014-10-13T12:11:11Z">
          <exception class="java.lang.AssertionError">
            <message>
              <![CDATA[Verification failed expected [true] but found [false]]]>
            </message>
            <full-stacktrace>
              <![CDATA[java.lang.AssertionError: Verification failed expected [true] but found [false]
	at org.testng.Assert.fail(Assert.java:94)
	at org.testng.Assert.failNotEquals(Assert.java:494)
	at org.testng.Assert.assertTrue(Assert.java:42)
	at com.projectName.test.functional.moduleName1.HomePageTest.homePageTest(HomePageTest.java:44)
	at sun.reflect.NativeMethodAccessorImpl.invoke0(Native Method)
	at sun.reflect.NativeMethodAccessorImpl.invoke(Unknown Source)
	at sun.reflect.DelegatingMethodAccessorImpl.invoke(Unknown Source)
	at java.lang.reflect.Method.invoke(Unknown Source)
	at org.testng.internal.MethodInvocationHelper.invokeMethod(MethodInvocationHelper.java:84)
	at org.testng.internal.Invoker.invokeMethod(Invoker.java:714)
	at org.testng.internal.Invoker.invokeTestMethod(Invoker.java:901)
	at org.testng.internal.Invoker.invokeTestMethods(Invoker.java:1231)
	at org.testng.internal.TestMethodWorker.invokeTestMethods(TestMethodWorker.java:127)
	at org.testng.internal.TestMethodWorker.run(TestMethodWorker.java:111)
	at org.testng.TestRunner.privateRun(TestRunner.java:767)
	at org.testng.TestRunner.run(TestRunner.java:617)
	at org.testng.SuiteRunner.runTest(SuiteRunner.java:334)
	at org.testng.SuiteRunner.runSequentially(SuiteRunner.java:329)
	at org.testng.SuiteRunner.privateRun(SuiteRunner.java:291)
	at org.testng.SuiteRunner.run(SuiteRunner.java:240)
	at org.testng.SuiteRunnerWorker.runSuite(SuiteRunnerWorker.java:52)
	at org.testng.SuiteRunnerWorker.run(SuiteRunnerWorker.java:86)
	at org.testng.TestNG.runSuitesSequentially(TestNG.java:1224)
	at org.testng.TestNG.runSuitesLocally(TestNG.java:1149)
	at org.testng.TestNG.run(TestNG.java:1057)
	at org.testng.remote.RemoteTestNG.run(RemoteTestNG.java:111)
	at org.testng.remote.RemoteTestNG.initAndRun(RemoteTestNG.java:204)
	at org.testng.remote.RemoteTestNG.main(RemoteTestNG.java:175)
]]>
            </full-stacktrace>
          </exception> <!-- java.lang.AssertionError -->
          <reporter-output>
          </reporter-output>
        </test-method> <!-- homePageTest -->
        <test-method status="PASS" signature="tearDown(org.testng.ITestResult)[pri:0, instance:com.projectName.test.functional.moduleName1.HomePageTest@1480d96]" name="tearDown" is-config="true" duration-ms="525" started-at="2014-10-13T12:11:11Z" finished-at="2014-10-13T12:11:11Z">
          <params>
            <param index="0">
              <value>
                <![CDATA[[TestResult name=homePageTest status=FAILURE method=HomePageTest.homePageTest()[pri:0, instance:com.projectName.test.functional.moduleName1.HomePageTest@1480d96] output={null}]]]>
              </value>
            </param>
          </params>
          <reporter-output>
          </reporter-output>
        </test-method> <!-- tearDown -->
      </class> <!-- com.projectName.test.functional.moduleName1.HomePageTest -->
    </test> <!-- Default test -->
  </suite> <!-- Default suite -->
</testng-results>
